-------------------------------------------------------------------------------
Test set: TestSuite
-------------------------------------------------------------------------------
Tests run: 3, Failures: 1, Errors: 0, Skipped: 2, Time elapsed: 0.634 s <<< FAILURE! - in TestSuite
ai.iamneo.testing.Testing_Selenium_TestNg.AppTest.setUp  Time elapsed: 0.47 s  <<< FAILURE!
java.lang.IllegalStateException: The driver executable must exist: /home/coder/project/workspace/Testing-with-Selenium-TestNg/path/to/chromedriver
	at ai.iamneo.testing.Testing_Selenium_TestNg.AppTest.setUp(AppTest.java:18)

