<?xml version="1.0" encoding="UTF-8"?>
<!-- Generated by org.testng.reporters.JUnitXMLReporter -->
<testsuite ignored="0" hostname="dffbcddeeedfddfddddfcdbbbdefea-0" failures="0" tests="1" name="Test" time="0.099" errors="0" timestamp="2023-08-13T19:41:10 UTC">
  <testcase classname="ai.iamneo.testing.Testing_Selenium_TestNg.AppTest" name="@BeforeMethod setUp" time="0.037">
    <failure type="java.lang.IllegalStateException" message="The driver executable must exist: /home/coder/project/workspace/Testing-with-Selenium-TestNg/path/to/chromedriver">
      <![CDATA[java.lang.IllegalStateException: The driver executable must exist: /home/coder/project/workspace/Testing-with-Selenium-TestNg/path/to/chromedriver
at org.openqa.selenium.internal.Require$FileStateChecker.isFile(Require.java:315)
at org.openqa.selenium.remote.service.DriverService.checkExecutable(DriverService.java:144)
at org.openqa.selenium.remote.service.DriverService.findExecutable(DriverService.java:139)
at org.openqa.selenium.chrome.ChromeDriverService.access$000(ChromeDriverService.java:38)
at org.openqa.selenium.chrome.ChromeDriverService$Builder.findDefaultExecutable(ChromeDriverService.java:231)
at org.openqa.selenium.remote.service.DriverService$Builder.build(DriverService.java:434)
at org.openqa.selenium.chrome.ChromeDriverService.createDefaultService(ChromeDriverService.java:127)
at org.openqa.selenium.chrome.ChromeDriver.<init>(ChromeDriver.java:46)
at ai.iamneo.testing.Testing_Selenium_TestNg.AppTest.setUp(AppTest.java:18)
at java.base/java.util.ArrayList.forEach(ArrayList.java:1541)
... Removed 35 stack frames]]>
    </failure>
  </testcase> <!-- @BeforeMethod setUp -->
  <testcase classname="ai.iamneo.testing.Testing_Selenium_TestNg.AppTest" name="@AfterMethod tearDown" time="-1.691955670848E9">
    <skipped/>
  </testcase> <!-- @AfterMethod tearDown -->
  <testcase classname="ai.iamneo.testing.Testing_Selenium_TestNg.AppTest" name="Apptest" time="0.0">
    <skipped/>
  </testcase> <!-- Apptest -->
</testsuite> <!-- Test -->
