<?xml version="1.0" encoding="UTF-8"?>
<!-- Generated by org.testng.reporters.JUnitXMLReporter -->
<testsuite ignored="0" hostname="dffbcddeeedfddfddddfcdbbbdefea-0" failures="0" tests="1" name="Command line test" time="0.098" errors="0" timestamp="2023-08-13T19:49:14 UTC">
  <testcase classname="ai.iamneo.testing.Testing_Selenium_TestNg.AppTest" name="@BeforeMethod setUp" time="0.049">
    <failure type="java.lang.IllegalStateException" message="The driver executable does not exist: /home/coder/project/workspace/Testing-with-Selenium-TestNg/path/to/chromedriver">
      <![CDATA[java.lang.IllegalStateException: The driver executable does not exist: /home/coder/project/workspace/Testing-with-Selenium-TestNg/path/to/chromedriver
at com.google.common.base.Preconditions.checkState(Preconditions.java:585)
at org.openqa.selenium.remote.service.DriverService.checkExecutable(DriverService.java:146)
at org.openqa.selenium.remote.service.DriverService.findExecutable(DriverService.java:141)
at org.openqa.selenium.chrome.ChromeDriverService.access$000(ChromeDriverService.java:35)
at org.openqa.selenium.chrome.ChromeDriverService$Builder.findDefaultExecutable(ChromeDriverService.java:159)
at org.openqa.selenium.remote.service.DriverService$Builder.build(DriverService.java:355)
at org.openqa.selenium.chrome.ChromeDriverService.createDefaultService(ChromeDriverService.java:94)
at org.openqa.selenium.chrome.ChromeDriver.<init>(ChromeDriver.java:123)
at ai.iamneo.testing.Testing_Selenium_TestNg.AppTest.setUp(AppTest.java:19)
at java.base/java.util.ArrayList.forEach(ArrayList.java:1541)
... Removed 40 stack frames]]>
    </failure>
  </testcase> <!-- @BeforeMethod setUp -->
  <testcase classname="ai.iamneo.testing.Testing_Selenium_TestNg.AppTest" name="@AfterMethod tearDown" time="-1.691956154363E9">
    <skipped/>
  </testcase> <!-- @AfterMethod tearDown -->
  <testcase classname="ai.iamneo.testing.Testing_Selenium_TestNg.AppTest" name="Apptest" time="0.0">
    <skipped/>
  </testcase> <!-- Apptest -->
</testsuite> <!-- Command line test -->
